Build started 04-09-2017 12:24:41.
     1>Project "C:\Users\Srikara\documents\visual studio 2010\Projects\prajna\prajna\prajna.vcxproj" on node 2 (build target(s)).
     1>InitializeBuildStatus:
         Creating "Debug\prajna.unsuccessfulbuild" because "AlwaysCreate" was specified.
       ClCompile:
         c:\Program Files (x86)\Microsoft Visual Studio 10.0\VC\bin\CL.exe /c /ZI /nologo /W3 /WX- /Od /Oy- /D WIN32 /D _DEBUG /D _CONSOLE /D _UNICODE /D UNICODE /Gm /EHsc /RTC1 /MDd /GS /fp:precise /Zc:wchar_t /Zc:forScope /Fo"Debug\\" /Fd"Debug\vc100.pdb" /Gd /TP /analyze- /errorReport:prompt prajna.cpp
         prajna.cpp
     1>c:\users\srikara\documents\visual studio 2010\projects\prajna\prajna\prajna.cpp(121): warning C4018: '<' : signed/unsigned mismatch
     1>c:\users\srikara\documents\visual studio 2010\projects\prajna\prajna\prajna.cpp(128): warning C4018: '<' : signed/unsigned mismatch
     1>c:\users\srikara\documents\visual studio 2010\projects\prajna\prajna\prajna.cpp(135): warning C4018: '<' : signed/unsigned mismatch
     1>c:\users\srikara\documents\visual studio 2010\projects\prajna\prajna\prajna.cpp(142): warning C4018: '<' : signed/unsigned mismatch
     1>c:\users\srikara\documents\visual studio 2010\projects\prajna\prajna\prajna.cpp(147): warning C4018: '<' : signed/unsigned mismatch
     1>c:\users\srikara\documents\visual studio 2010\projects\prajna\prajna\prajna.cpp(152): warning C4018: '<' : signed/unsigned mismatch
     1>c:\users\srikara\documents\visual studio 2010\projects\prajna\prajna\prajna.cpp(158): warning C4018: '<' : signed/unsigned mismatch
     1>c:\users\srikara\documents\visual studio 2010\projects\prajna\prajna\prajna.cpp(164): warning C4018: '<' : signed/unsigned mismatch
     1>c:\users\srikara\documents\visual studio 2010\projects\prajna\prajna\prajna.cpp(170): warning C4018: '<' : signed/unsigned mismatch
     1>c:\users\srikara\documents\visual studio 2010\projects\prajna\prajna\prajna.cpp(176): warning C4018: '<' : signed/unsigned mismatch
     1>c:\users\srikara\documents\visual studio 2010\projects\prajna\prajna\prajna.cpp(182): warning C4018: '<' : signed/unsigned mismatch
     1>c:\users\srikara\documents\visual studio 2010\projects\prajna\prajna\prajna.cpp(188): warning C4018: '<' : signed/unsigned mismatch
     1>c:\users\srikara\documents\visual studio 2010\projects\prajna\prajna\prajna.cpp(194): warning C4018: '<' : signed/unsigned mismatch
     1>c:\users\srikara\documents\visual studio 2010\projects\prajna\prajna\prajna.cpp(200): warning C4018: '<' : signed/unsigned mismatch
     1>c:\users\srikara\documents\visual studio 2010\projects\prajna\prajna\prajna.cpp(206): warning C4018: '<' : signed/unsigned mismatch
     1>c:\users\srikara\documents\visual studio 2010\projects\prajna\prajna\prajna.cpp(499): warning C4018: '<' : signed/unsigned mismatch
     1>c:\users\srikara\documents\visual studio 2010\projects\prajna\prajna\prajna.cpp(526): warning C4018: '<' : signed/unsigned mismatch
     1>c:\users\srikara\documents\visual studio 2010\projects\prajna\prajna\prajna.cpp(510): warning C4101: 'i' : unreferenced local variable
     1>c:\users\srikara\documents\visual studio 2010\projects\prajna\prajna\prajna.cpp(550): warning C4018: '<' : signed/unsigned mismatch
     1>c:\users\srikara\documents\visual studio 2010\projects\prajna\prajna\prajna.cpp(574): warning C4018: '<' : signed/unsigned mismatch
     1>c:\users\srikara\documents\visual studio 2010\projects\prajna\prajna\prajna.cpp(598): warning C4018: '<' : signed/unsigned mismatch
     1>c:\users\srikara\documents\visual studio 2010\projects\prajna\prajna\prajna.cpp(623): warning C4018: '<' : signed/unsigned mismatch
     1>c:\users\srikara\documents\visual studio 2010\projects\prajna\prajna\prajna.cpp(644): warning C4018: '<' : signed/unsigned mismatch
     1>c:\users\srikara\documents\visual studio 2010\projects\prajna\prajna\prajna.cpp(668): warning C4018: '<' : signed/unsigned mismatch
       ManifestResourceCompile:
         All outputs are up-to-date.
       Link:
         c:\Program Files (x86)\Microsoft Visual Studio 10.0\VC\bin\link.exe /ERRORREPORT:PROMPT /OUT:"C:\Users\Srikara\documents\visual studio 2010\Projects\prajna\Debug\prajna.exe" /INCREMENTAL /NOLOGO kernel32.lib user32.lib gdi32.lib winspool.lib comdlg32.lib advapi32.lib shell32.lib ole32.lib oleaut32.lib uuid.lib odbc32.lib odbccp32.lib /MANIFEST /ManifestFile:"Debug\prajna.exe.intermediate.manifest" /MANIFESTUAC:"level='asInvoker' uiAccess='false'" /DEBUG /PDB:"C:\Users\Srikara\documents\visual studio 2010\Projects\prajna\Debug\prajna.pdb" /SUBSYSTEM:CONSOLE /TLBID:1 /DYNAMICBASE /NXCOMPAT /IMPLIB:"C:\Users\Srikara\documents\visual studio 2010\Projects\prajna\Debug\prajna.lib" /MACHINE:X86 Debug\prajna.exe.embed.manifest.res
         Debug\prajna.obj
       Manifest:
         C:\Program Files (x86)\Microsoft SDKs\Windows\v7.0A\bin\mt.exe /nologo /verbose /out:"Debug\prajna.exe.embed.manifest" /manifest Debug\prajna.exe.intermediate.manifest
         All outputs are up-to-date.
       LinkEmbedManifest:
         All outputs are up-to-date.
         prajna.vcxproj -> C:\Users\Srikara\documents\visual studio 2010\Projects\prajna\Debug\prajna.exe
       FinalizeBuildStatus:
         Deleting file "Debug\prajna.unsuccessfulbuild".
         Touching "Debug\prajna.lastbuildstate".
     1>Done Building Project "C:\Users\Srikara\documents\visual studio 2010\Projects\prajna\prajna\prajna.vcxproj" (build target(s)).

Build succeeded.

Time Elapsed 00:00:03.33
